0 info it worked if it ends with ok
1 verbose cli [ '/usr/local/Cellar/node/0.10.17/bin/node',
1 verbose cli   '/usr/local/bin/npm',
1 verbose cli   'install' ]
2 info using npm@1.3.8
3 info using node@v0.10.17
4 warn package.json sphero@0.0.0 No description
5 warn package.json sphero@0.0.0 No repository field.
6 warn package.json sphero@0.0.0 No README data
7 verbose readDependencies using package.json deps
8 verbose install where, deps [ '/Users/tiago/workspace/chute/sphero',
8 verbose install   [ 'grunt',
8 verbose install     'grunt-contrib-copy',
8 verbose install     'grunt-contrib-concat',
8 verbose install     'grunt-contrib-coffee',
8 verbose install     'grunt-contrib-jst',
8 verbose install     'grunt-contrib-uglify',
8 verbose install     'grunt-contrib-jshint',
8 verbose install     'grunt-contrib-cssmin',
8 verbose install     'grunt-contrib-connect',
8 verbose install     'grunt-contrib-clean',
8 verbose install     'grunt-contrib-htmlmin',
8 verbose install     'grunt-contrib-imagemin',
8 verbose install     'grunt-contrib-watch',
8 verbose install     'grunt-mocha',
8 verbose install     'grunt-bower-requirejs',
8 verbose install     'grunt-usemin',
8 verbose install     'grunt-rev',
8 verbose install     'grunt-open',
8 verbose install     'load-grunt-tasks',
8 verbose install     'connect-livereload',
8 verbose install     'time-grunt',
8 verbose install     'jshint-stylish',
8 verbose install     'jquery-colorbox' ] ]
9 info preinstall sphero@0.0.0
10 verbose readDependencies using package.json deps
11 verbose already installed skipping grunt-contrib-concat@~0.3.0 /Users/tiago/workspace/chute/sphero
12 verbose already installed skipping grunt@~0.4.2 /Users/tiago/workspace/chute/sphero
13 verbose already installed skipping grunt-contrib-copy@~0.4.0 /Users/tiago/workspace/chute/sphero
14 verbose already installed skipping grunt-contrib-coffee@~0.7.0 /Users/tiago/workspace/chute/sphero
15 verbose already installed skipping grunt-contrib-jst@~0.5.0 /Users/tiago/workspace/chute/sphero
16 verbose already installed skipping grunt-contrib-uglify@~0.2.0 /Users/tiago/workspace/chute/sphero
17 verbose already installed skipping grunt-contrib-jshint@~0.6.3 /Users/tiago/workspace/chute/sphero
18 verbose already installed skipping grunt-contrib-cssmin@~0.6.0 /Users/tiago/workspace/chute/sphero
19 verbose already installed skipping grunt-contrib-connect@~0.3.0 /Users/tiago/workspace/chute/sphero
20 verbose already installed skipping grunt-contrib-clean@~0.5.0 /Users/tiago/workspace/chute/sphero
21 verbose already installed skipping grunt-contrib-htmlmin@~0.1.3 /Users/tiago/workspace/chute/sphero
22 verbose already installed skipping grunt-contrib-imagemin@~0.2.0 /Users/tiago/workspace/chute/sphero
23 verbose already installed skipping grunt-contrib-watch@~0.5.2 /Users/tiago/workspace/chute/sphero
24 verbose already installed skipping grunt-mocha@~0.4.1 /Users/tiago/workspace/chute/sphero
25 verbose already installed skipping grunt-bower-requirejs@~0.7.0 /Users/tiago/workspace/chute/sphero
26 verbose already installed skipping grunt-usemin@~0.1.10 /Users/tiago/workspace/chute/sphero
27 verbose already installed skipping grunt-rev@~0.1.0 /Users/tiago/workspace/chute/sphero
28 verbose already installed skipping grunt-open@~0.2.0 /Users/tiago/workspace/chute/sphero
29 verbose already installed skipping load-grunt-tasks@~0.1.0 /Users/tiago/workspace/chute/sphero
30 verbose already installed skipping connect-livereload@~0.2.0 /Users/tiago/workspace/chute/sphero
31 verbose already installed skipping time-grunt@~0.1.1 /Users/tiago/workspace/chute/sphero
32 verbose already installed skipping jshint-stylish@~0.1.3 /Users/tiago/workspace/chute/sphero
33 verbose cache add [ 'jquery-colorbox@~1.4.33', null ]
34 verbose cache add name=undefined spec="jquery-colorbox@~1.4.33" args=["jquery-colorbox@~1.4.33",null]
35 verbose parsed url { protocol: null,
35 verbose parsed url   slashes: null,
35 verbose parsed url   auth: null,
35 verbose parsed url   host: null,
35 verbose parsed url   port: null,
35 verbose parsed url   hostname: null,
35 verbose parsed url   hash: null,
35 verbose parsed url   search: null,
35 verbose parsed url   query: null,
35 verbose parsed url   pathname: 'jquery-colorbox@~1.4.33',
35 verbose parsed url   path: 'jquery-colorbox@~1.4.33',
35 verbose parsed url   href: 'jquery-colorbox@~1.4.33' }
36 verbose cache add name="jquery-colorbox" spec="~1.4.33" args=["jquery-colorbox","~1.4.33"]
37 verbose parsed url { protocol: null,
37 verbose parsed url   slashes: null,
37 verbose parsed url   auth: null,
37 verbose parsed url   host: null,
37 verbose parsed url   port: null,
37 verbose parsed url   hostname: null,
37 verbose parsed url   hash: null,
37 verbose parsed url   search: null,
37 verbose parsed url   query: null,
37 verbose parsed url   pathname: '~1.4.33',
37 verbose parsed url   path: '~1.4.33',
37 verbose parsed url   href: '~1.4.33' }
38 verbose addNamed [ 'jquery-colorbox', '~1.4.33' ]
39 verbose addNamed [ null, '>=1.4.33-0 <1.5.0-0' ]
40 silly lockFile 74a939dd-jquery-colorbox-1-4-33 jquery-colorbox@~1.4.33
41 verbose lock jquery-colorbox@~1.4.33 /Users/tiago/.npm/74a939dd-jquery-colorbox-1-4-33.lock
42 silly addNameRange { name: 'jquery-colorbox',
42 silly addNameRange   range: '>=1.4.33-0 <1.5.0-0',
42 silly addNameRange   hasData: false }
43 verbose url raw jquery-colorbox
44 verbose url resolving [ 'https://registry.npmjs.org/', './jquery-colorbox' ]
45 verbose url resolved https://registry.npmjs.org/jquery-colorbox
46 info trying registry request attempt 1 at 14:06:50
47 http GET https://registry.npmjs.org/jquery-colorbox
48 http 404 https://registry.npmjs.org/jquery-colorbox
49 silly registry.get cb [ 404,
49 silly registry.get   { server: 'CouchDB/1.3.1 (Erlang OTP/R15B03)',
49 silly registry.get     date: 'Mon, 16 Dec 2013 16:06:52 GMT',
49 silly registry.get     'content-type': 'application/json',
49 silly registry.get     'content-length': '52',
49 silly registry.get     'cache-control': 'must-revalidate' } ]
50 silly lockFile 74a939dd-jquery-colorbox-1-4-33 jquery-colorbox@~1.4.33
51 silly lockFile 74a939dd-jquery-colorbox-1-4-33 jquery-colorbox@~1.4.33
52 error 404 'jquery-colorbox' is not in the npm registry.
52 error 404 You should bug the author to publish it
52 error 404
52 error 404 Note that you can also install from a
52 error 404 tarball, folder, or http url, or git url.
53 error System Darwin 13.0.0
54 error command "/usr/local/Cellar/node/0.10.17/bin/node" "/usr/local/bin/npm" "install"
55 error cwd /Users/tiago/workspace/chute/sphero
56 error node -v v0.10.17
57 error npm -v 1.3.8
58 error code E404
59 verbose exit [ 1, true ]
